
--- npm run build ---
npm warn Unknown env config "devdir". This will stop working in the next major version of npm. See `npm help npmrc` for supported config options.

> genesis-command-center@0.1.0 build
> next build

   ▲ Next.js 15.5.20

   Creating an optimized production build ...
 ✓ Compiled successfully in 14.0s
   Linting and checking validity of types ...
   Collecting page data ...
   Generating static pages (0/18) ...
   Generating static pages (4/18) 
   Generating static pages (8/18) 
   Generating static pages (13/18) 
 ✓ Generating static pages (18/18)
   Finalizing page optimization ...
   Collecting build traces ...

Route (app)                                 Size  First Load JS
┌ ○ /                                    9.49 kB         115 kB
├ ○ /_not-found                            993 B         103 kB
├ ○ /ai                                  1.91 kB         104 kB
├ ○ /check                               1.31 kB         107 kB
├ ○ /company                             2.43 kB         108 kB
├ ○ /create                              2.56 kB         108 kB
├ ○ /cursor                              2.96 kB         109 kB
├ ○ /dev                                   162 B         106 kB
├ ○ /finance                             5.36 kB         111 kB
├ ○ /growth                              1.71 kB         108 kB
├ ○ /marketplace                           162 B         106 kB
├ ○ /monitor                             1.81 kB         104 kB
├ ƒ /products/[id]                       2.76 kB         109 kB
├ ○ /projects                            1.17 kB         107 kB
├ ○ /revenue                               123 B         103 kB
├ ○ /settings                              650 B         106 kB
└ ○ /tasks                               1.47 kB         104 kB
+ First Load JS shared by all             102 kB
  ├ chunks/255-3981a3d1f3561bd8.js       46.2 kB
  ├ chunks/4bd1b696-c023c6e3521b1417.js  54.2 kB
  └ other shared chunks (total)          1.99 kB


○  (Static)   prerendered as static content
ƒ  (Dynamic)  server-rendered on demand

npm notice
npm notice New minor version of npm available! 11.16.0 -> 11.18.0
npm notice Changelog: https://github.com/npm/cli/releases/tag/v11.18.0
npm notice To update run: npm install -g npm@11.18.0
npm notice
